1518161323568	geckodriver	INFO	Listening on 127.0.0.1:24457
1518161326621	mozprofile::profile	INFO	Using profile path C:\Users\fang\AppData\Local\Temp\rust_mozprofile.CeLTNFbGnFc6
1518161326624	geckodriver::marionette	INFO	Starting browser C:\Program Files\Mozilla Firefox\firefox.exe with args []
1518161326658	geckodriver::marionette	INFO	Connecting to Marionette on localhost:24465
1518161328186	Marionette	INFO	Listening on port 24465
JavaScript warning: resource://addoninstaller/log4moz.js, line 494: mutating the [[Prototype]] of an object will cause your code to run very slowly; instead create the object with the correct initial [[Prototype]] value using Object.create
*************************
A coding exception was thrown and uncaught in a Task.

Full message: TypeError: aAddon._installLocation is undefined
Full stack: shouldVerifySignedState@resource://gre/modules/addons/XPIProvider.jsm:1617:1
verifyZipSignedState@resource://gre/modules/addons/XPIProvider.jsm:1648:8
loadManifestFromZipReader<@resource://gre/modules/addons/XPIProvider.jsm:1381:29
TaskImpl_run@resource://gre/modules/Task.jsm:319:40
TaskImpl@resource://gre/modules/Task.jsm:280:3
createAsyncFunction/asyncFunction@resource://gre/modules/Task.jsm:254:14
loadManifestFromZipFile<@resource://gre/modules/addons/XPIProvider.jsm:1406:26
TaskImpl_run@resource://gre/modules/Task.jsm:319:40
TaskImpl@resource://gre/modules/Task.jsm:280:3
createAsyncFunction/asyncFunction@resource://gre/modules/Task.jsm:254:14
loadManifestFromFile@resource://gre/modules/addons/XPIProvider.jsm:1416:12
AddonInstaller.InstallerService._installExtension/<@resource://addoninstaller/installerService.js:218:41
AddonInstaller.InstallerService._shouldInstall/<@resource://addoninstaller/installerService.js:311:17
safeCall@resource://gre/modules/AddonManager.jsm:179:5
makeSafe/<@resource://gre/modules/AddonManager.jsm:195:25
Handler.prototype.process@resource://gre/modules/Promise.jsm -> resource://gre/modules/Promise-backend.js:937:23
this.PromiseWalker.walkerLoop@resource://gre/modules/Promise.jsm -> resource://gre/modules/Promise-backend.js:816:7
this.PromiseWalker.scheduleWalkerLoop/<@resource://gre/modules/Promise.jsm -> resource://gre/modules/Promise-backend.js:750:11

*************************
*************************
A coding exception was thrown and uncaught in a Task.

Full message: TypeError: aAddon._installLocation is undefined
Full stack: shouldVerifySignedState@resource://gre/modules/addons/XPIProvider.jsm:1617:1
verifyZipSignedState@resource://gre/modules/addons/XPIProvider.jsm:1648:8
loadManifestFromZipReader<@resource://gre/modules/addons/XPIProvider.jsm:1381:29
TaskImpl_run@resource://gre/modules/Task.jsm:319:40
TaskImpl@resource://gre/modules/Task.jsm:280:3
createAsyncFunction/asyncFunction@resource://gre/modules/Task.jsm:254:14
loadManifestFromZipFile<@resource://gre/modules/addons/XPIProvider.jsm:1406:26
TaskImpl_run@resource://gre/modules/Task.jsm:319:40
TaskImpl@resource://gre/modules/Task.jsm:280:3
createAsyncFunction/asyncFunction@resource://gre/modules/Task.jsm:254:14
loadManifestFromFile@resource://gre/modules/addons/XPIProvider.jsm:1416:12
AddonInstaller.InstallerService._installExtension/<@resource://addoninstaller/installerService.js:218:41
AddonInstaller.InstallerService._shouldInstall/<@resource://addoninstaller/installerService.js:311:17
safeCall@resource://gre/modules/AddonManager.jsm:179:5
makeSafe/<@resource://gre/modules/AddonManager.jsm:195:25
Handler.prototype.process@resource://gre/modules/Promise.jsm -> resource://gre/modules/Promise-backend.js:937:23
this.PromiseWalker.walkerLoop@resource://gre/modules/Promise.jsm -> resource://gre/modules/Promise-backend.js:816:7
this.PromiseWalker.scheduleWalkerLoop/<@resource://gre/modules/Promise.jsm -> resource://gre/modules/Promise-backend.js:750:11

*************************
*************************
A coding exception was thrown and uncaught in a Task.

Full message: TypeError: aAddon._installLocation is undefined
Full stack: shouldVerifySignedState@resource://gre/modules/addons/XPIProvider.jsm:1617:1
verifyZipSignedState@resource://gre/modules/addons/XPIProvider.jsm:1648:8
loadManifestFromZipReader<@resource://gre/modules/addons/XPIProvider.jsm:1381:29
TaskImpl_run@resource://gre/modules/Task.jsm:319:40
TaskImpl@resource://gre/modules/Task.jsm:280:3
createAsyncFunction/asyncFunction@resource://gre/modules/Task.jsm:254:14
loadManifestFromZipFile<@resource://gre/modules/addons/XPIProvider.jsm:1406:26
TaskImpl_run@resource://gre/modules/Task.jsm:319:40
TaskImpl@resource://gre/modules/Task.jsm:280:3
createAsyncFunction/asyncFunction@resource://gre/modules/Task.jsm:254:14
loadManifestFromFile@resource://gre/modules/addons/XPIProvider.jsm:1416:12
AddonInstaller.InstallerService._installExtension/<@resource://addoninstaller/installerService.js:218:41
AddonInstaller.InstallerService._shouldInstall/<@resource://addoninstaller/installerService.js:311:17
safeCall@resource://gre/modules/AddonManager.jsm:179:5
makeSafe/<@resource://gre/modules/AddonManager.jsm:195:25
Handler.prototype.process@resource://gre/modules/Promise.jsm -> resource://gre/modules/Promise-backend.js:937:23
this.PromiseWalker.walkerLoop@resource://gre/modules/Promise.jsm -> resource://gre/modules/Promise-backend.js:816:7
this.PromiseWalker.scheduleWalkerLoop/<@resource://gre/modules/Promise.jsm -> resource://gre/modules/Promise-backend.js:750:11

*************************
*************************
A coding exception was thrown and uncaught in a Task.

Full message: TypeError: aAddon._installLocation is undefined
Full stack: shouldVerifySignedState@resource://gre/modules/addons/XPIProvider.jsm:1617:1
verifyZipSignedState@resource://gre/modules/addons/XPIProvider.jsm:1648:8
loadManifestFromZipReader<@resource://gre/modules/addons/XPIProvider.jsm:1381:29
TaskImpl_run@resource://gre/modules/Task.jsm:319:40
TaskImpl@resource://gre/modules/Task.jsm:280:3
createAsyncFunction/asyncFunction@resource://gre/modules/Task.jsm:254:14
loadManifestFromZipFile<@resource://gre/modules/addons/XPIProvider.jsm:1406:26
TaskImpl_run@resource://gre/modules/Task.jsm:319:40
TaskImpl@resource://gre/modules/Task.jsm:280:3
createAsyncFunction/asyncFunction@resource://gre/modules/Task.jsm:254:14
loadManifestFromFile@resource://gre/modules/addons/XPIProvider.jsm:1416:12
AddonInstaller.InstallerService._installExtension/<@resource://addoninstaller/installerService.js:218:41
AddonInstaller.InstallerService._shouldInstall/<@resource://addoninstaller/installerService.js:311:17
safeCall@resource://gre/modules/AddonManager.jsm:179:5
makeSafe/<@resource://gre/modules/AddonManager.jsm:195:25
Handler.prototype.process@resource://gre/modules/Promise.jsm -> resource://gre/modules/Promise-backend.js:937:23
this.PromiseWalker.walkerLoop@resource://gre/modules/Promise.jsm -> resource://gre/modules/Promise-backend.js:816:7
this.PromiseWalker.scheduleWalkerLoop/<@resource://gre/modules/Promise.jsm -> resource://gre/modules/Promise-backend.js:750:11

*************************
*************************
A coding exception was thrown and uncaught in a Task.

Full message: TypeError: aAddon._installLocation is undefined
Full stack: shouldVerifySignedState@resource://gre/modules/addons/XPIProvider.jsm:1617:1
verifyZipSignedState@resource://gre/modules/addons/XPIProvider.jsm:1648:8
loadManifestFromZipReader<@resource://gre/modules/addons/XPIProvider.jsm:1381:29
TaskImpl_run@resource://gre/modules/Task.jsm:319:40
TaskImpl@resource://gre/modules/Task.jsm:280:3
createAsyncFunction/asyncFunction@resource://gre/modules/Task.jsm:254:14
loadManifestFromZipFile<@resource://gre/modules/addons/XPIProvider.jsm:1406:26
TaskImpl_run@resource://gre/modules/Task.jsm:319:40
TaskImpl@resource://gre/modules/Task.jsm:280:3
createAsyncFunction/asyncFunction@resource://gre/modules/Task.jsm:254:14
loadManifestFromFile@resource://gre/modules/addons/XPIProvider.jsm:1416:12
AddonInstaller.InstallerService._installExtension/<@resource://addoninstaller/installerService.js:218:41
AddonInstaller.InstallerService._shouldInstall/<@resource://addoninstaller/installerService.js:311:17
safeCall@resource://gre/modules/AddonManager.jsm:179:5
makeSafe/<@resource://gre/modules/AddonManager.jsm:195:25
Handler.prototype.process@resource://gre/modules/Promise.jsm -> resource://gre/modules/Promise-backend.js:937:23
this.PromiseWalker.walkerLoop@resource://gre/modules/Promise.jsm -> resource://gre/modules/Promise-backend.js:816:7
this.PromiseWalker.scheduleWalkerLoop/<@resource://gre/modules/Promise.jsm -> resource://gre/modules/Promise-backend.js:750:11

*************************
*************************
A coding exception was thrown and uncaught in a Task.

Full message: TypeError: aAddon._installLocation is undefined
Full stack: shouldVerifySignedState@resource://gre/modules/addons/XPIProvider.jsm:1617:1
verifyZipSignedState@resource://gre/modules/addons/XPIProvider.jsm:1648:8
loadManifestFromZipReader<@resource://gre/modules/addons/XPIProvider.jsm:1381:29
TaskImpl_run@resource://gre/modules/Task.jsm:319:40
TaskImpl@resource://gre/modules/Task.jsm:280:3
createAsyncFunction/asyncFunction@resource://gre/modules/Task.jsm:254:14
loadManifestFromZipFile<@resource://gre/modules/addons/XPIProvider.jsm:1406:26
TaskImpl_run@resource://gre/modules/Task.jsm:319:40
TaskImpl@resource://gre/modules/Task.jsm:280:3
createAsyncFunction/asyncFunction@resource://gre/modules/Task.jsm:254:14
loadManifestFromFile@resource://gre/modules/addons/XPIProvider.jsm:1416:12
AddonInstaller.InstallerService._installExtension/<@resource://addoninstaller/installerService.js:218:41
AddonInstaller.InstallerService._shouldInstall/<@resource://addoninstaller/installerService.js:311:17
safeCall@resource://gre/modules/AddonManager.jsm:179:5
makeSafe/<@resource://gre/modules/AddonManager.jsm:195:25
Handler.prototype.process@resource://gre/modules/Promise.jsm -> resource://gre/modules/Promise-backend.js:937:23
this.PromiseWalker.walkerLoop@resource://gre/modules/Promise.jsm -> resource://gre/modules/Promise-backend.js:816:7
this.PromiseWalker.scheduleWalkerLoop/<@resource://gre/modules/Promise.jsm -> resource://gre/modules/Promise-backend.js:750:11

*************************
*************************
A coding exception was thrown and uncaught in a Task.

Full message: TypeError: aAddon._installLocation is undefined
Full stack: shouldVerifySignedState@resource://gre/modules/addons/XPIProvider.jsm:1617:1
verifyZipSignedState@resource://gre/modules/addons/XPIProvider.jsm:1648:8
loadManifestFromZipReader<@resource://gre/modules/addons/XPIProvider.jsm:1381:29
TaskImpl_run@resource://gre/modules/Task.jsm:319:40
TaskImpl@resource://gre/modules/Task.jsm:280:3
createAsyncFunction/asyncFunction@resource://gre/modules/Task.jsm:254:14
loadManifestFromZipFile<@resource://gre/modules/addons/XPIProvider.jsm:1406:26
TaskImpl_run@resource://gre/modules/Task.jsm:319:40
TaskImpl@resource://gre/modules/Task.jsm:280:3
createAsyncFunction/asyncFunction@resource://gre/modules/Task.jsm:254:14
loadManifestFromFile@resource://gre/modules/addons/XPIProvider.jsm:1416:12
AddonInstaller.InstallerService._installExtension/<@resource://addoninstaller/installerService.js:218:41
AddonInstaller.InstallerService._shouldInstall/<@resource://addoninstaller/installerService.js:311:17
safeCall@resource://gre/modules/AddonManager.jsm:179:5
makeSafe/<@resource://gre/modules/AddonManager.jsm:195:25
Handler.prototype.process@resource://gre/modules/Promise.jsm -> resource://gre/modules/Promise-backend.js:937:23
this.PromiseWalker.walkerLoop@resource://gre/modules/Promise.jsm -> resource://gre/modules/Promise-backend.js:816:7
this.PromiseWalker.scheduleWalkerLoop/<@resource://gre/modules/Promise.jsm -> resource://gre/modules/Promise-backend.js:750:11

*************************
*************************
A coding exception was thrown and uncaught in a Task.

Full message: TypeError: aAddon._installLocation is undefined
Full stack: shouldVerifySignedState@resource://gre/modules/addons/XPIProvider.jsm:1617:1
verifyZipSignedState@resource://gre/modules/addons/XPIProvider.jsm:1648:8
loadManifestFromZipReader<@resource://gre/modules/addons/XPIProvider.jsm:1381:29
TaskImpl_run@resource://gre/modules/Task.jsm:319:40
TaskImpl@resource://gre/modules/Task.jsm:280:3
createAsyncFunction/asyncFunction@resource://gre/modules/Task.jsm:254:14
loadManifestFromZipFile<@resource://gre/modules/addons/XPIProvider.jsm:1406:26
TaskImpl_run@resource://gre/modules/Task.jsm:319:40
TaskImpl@resource://gre/modules/Task.jsm:280:3
createAsyncFunction/asyncFunction@resource://gre/modules/Task.jsm:254:14
loadManifestFromFile@resource://gre/modules/addons/XPIProvider.jsm:1416:12
AddonInstaller.InstallerService._installExtension/<@resource://addoninstaller/installerService.js:218:41
AddonInstaller.InstallerService._shouldInstall/<@resource://addoninstaller/installerService.js:311:17
safeCall@resource://gre/modules/AddonManager.jsm:179:5
makeSafe/<@resource://gre/modules/AddonManager.jsm:195:25
Handler.prototype.process@resource://gre/modules/Promise.jsm -> resource://gre/modules/Promise-backend.js:937:23
this.PromiseWalker.walkerLoop@resource://gre/modules/Promise.jsm -> resource://gre/modules/Promise-backend.js:816:7
this.PromiseWalker.scheduleWalkerLoop/<@resource://gre/modules/Promise.jsm -> resource://gre/modules/Promise-backend.js:750:11

*************************
*************************
A coding exception was thrown and uncaught in a Task.

Full message: TypeError: aAddon._installLocation is undefined
Full stack: shouldVerifySignedState@resource://gre/modules/addons/XPIProvider.jsm:1617:1
verifyZipSignedState@resource://gre/modules/addons/XPIProvider.jsm:1648:8
loadManifestFromZipReader<@resource://gre/modules/addons/XPIProvider.jsm:1381:29
TaskImpl_run@resource://gre/modules/Task.jsm:319:40
TaskImpl@resource://gre/modules/Task.jsm:280:3
createAsyncFunction/asyncFunction@resource://gre/modules/Task.jsm:254:14
loadManifestFromZipFile<@resource://gre/modules/addons/XPIProvider.jsm:1406:26
TaskImpl_run@resource://gre/modules/Task.jsm:319:40
TaskImpl@resource://gre/modules/Task.jsm:280:3
createAsyncFunction/asyncFunction@resource://gre/modules/Task.jsm:254:14
loadManifestFromFile@resource://gre/modules/addons/XPIProvider.jsm:1416:12
AddonInstaller.InstallerService._installExtension/<@resource://addoninstaller/installerService.js:218:41
AddonInstaller.InstallerService._shouldInstall/<@resource://addoninstaller/installerService.js:311:17
safeCall@resource://gre/modules/AddonManager.jsm:179:5
makeSafe/<@resource://gre/modules/AddonManager.jsm:195:25
Handler.prototype.process@resource://gre/modules/Promise.jsm -> resource://gre/modules/Promise-backend.js:937:23
this.PromiseWalker.walkerLoop@resource://gre/modules/Promise.jsm -> resource://gre/modules/Promise-backend.js:816:7
this.PromiseWalker.scheduleWalkerLoop/<@resource://gre/modules/Promise.jsm -> resource://gre/modules/Promise-backend.js:750:11

*************************
*************************
A coding exception was thrown and uncaught in a Task.

Full message: TypeError: aAddon._installLocation is undefined
Full stack: shouldVerifySignedState@resource://gre/modules/addons/XPIProvider.jsm:1617:1
verifyZipSignedState@resource://gre/modules/addons/XPIProvider.jsm:1648:8
loadManifestFromZipReader<@resource://gre/modules/addons/XPIProvider.jsm:1381:29
TaskImpl_run@resource://gre/modules/Task.jsm:319:40
TaskImpl@resource://gre/modules/Task.jsm:280:3
createAsyncFunction/asyncFunction@resource://gre/modules/Task.jsm:254:14
loadManifestFromZipFile<@resource://gre/modules/addons/XPIProvider.jsm:1406:26
TaskImpl_run@resource://gre/modules/Task.jsm:319:40
TaskImpl@resource://gre/modules/Task.jsm:280:3
createAsyncFunction/asyncFunction@resource://gre/modules/Task.jsm:254:14
loadManifestFromFile@resource://gre/modules/addons/XPIProvider.jsm:1416:12
AddonInstaller.InstallerService._installExtension/<@resource://addoninstaller/installerService.js:218:41
AddonInstaller.InstallerService._shouldInstall/<@resource://addoninstaller/installerService.js:311:17
safeCall@resource://gre/modules/AddonManager.jsm:179:5
makeSafe/<@resource://gre/modules/AddonManager.jsm:195:25
Handler.prototype.process@resource://gre/modules/Promise.jsm -> resource://gre/modules/Promise-backend.js:937:23
this.PromiseWalker.walkerLoop@resource://gre/modules/Promise.jsm -> resource://gre/modules/Promise-backend.js:816:7
this.PromiseWalker.scheduleWalkerLoop/<@resource://gre/modules/Promise.jsm -> resource://gre/modules/Promise-backend.js:750:11

*************************
*************************
A coding exception was thrown and uncaught in a Task.

Full message: TypeError: aAddon._installLocation is undefined
Full stack: shouldVerifySignedState@resource://gre/modules/addons/XPIProvider.jsm:1617:1
verifyZipSignedState@resource://gre/modules/addons/XPIProvider.jsm:1648:8
loadManifestFromZipReader<@resource://gre/modules/addons/XPIProvider.jsm:1381:29
TaskImpl_run@resource://gre/modules/Task.jsm:319:40
TaskImpl@resource://gre/modules/Task.jsm:280:3
createAsyncFunction/asyncFunction@resource://gre/modules/Task.jsm:254:14
loadManifestFromZipFile<@resource://gre/modules/addons/XPIProvider.jsm:1406:26
TaskImpl_run@resource://gre/modules/Task.jsm:319:40
TaskImpl@resource://gre/modules/Task.jsm:280:3
createAsyncFunction/asyncFunction@resource://gre/modules/Task.jsm:254:14
loadManifestFromFile@resource://gre/modules/addons/XPIProvider.jsm:1416:12
AddonInstaller.InstallerService._installExtension/<@resource://addoninstaller/installerService.js:218:41
AddonInstaller.InstallerService._shouldInstall/<@resource://addoninstaller/installerService.js:311:17
safeCall@resource://gre/modules/AddonManager.jsm:179:5
makeSafe/<@resource://gre/modules/AddonManager.jsm:195:25
Handler.prototype.process@resource://gre/modules/Promise.jsm -> resource://gre/modules/Promise-backend.js:937:23
this.PromiseWalker.walkerLoop@resource://gre/modules/Promise.jsm -> resource://gre/modules/Promise-backend.js:816:7
this.PromiseWalker.scheduleWalkerLoop/<@resource://gre/modules/Promise.jsm -> resource://gre/modules/Promise-backend.js:750:11

*************************
*************************
A coding exception was thrown and uncaught in a Task.

Full message: TypeError: aAddon._installLocation is undefined
Full stack: shouldVerifySignedState@resource://gre/modules/addons/XPIProvider.jsm:1617:1
verifyZipSignedState@resource://gre/modules/addons/XPIProvider.jsm:1648:8
loadManifestFromZipReader<@resource://gre/modules/addons/XPIProvider.jsm:1381:29
TaskImpl_run@resource://gre/modules/Task.jsm:319:40
TaskImpl@resource://gre/modules/Task.jsm:280:3
createAsyncFunction/asyncFunction@resource://gre/modules/Task.jsm:254:14
loadManifestFromZipFile<@resource://gre/modules/addons/XPIProvider.jsm:1406:26
TaskImpl_run@resource://gre/modules/Task.jsm:319:40
TaskImpl@resource://gre/modules/Task.jsm:280:3
createAsyncFunction/asyncFunction@resource://gre/modules/Task.jsm:254:14
loadManifestFromFile@resource://gre/modules/addons/XPIProvider.jsm:1416:12
AddonInstaller.InstallerService._installExtension/<@resource://addoninstaller/installerService.js:218:41
AddonInstaller.InstallerService._shouldInstall/<@resource://addoninstaller/installerService.js:311:17
safeCall@resource://gre/modules/AddonManager.jsm:179:5
makeSafe/<@resource://gre/modules/AddonManager.jsm:195:25
Handler.prototype.process@resource://gre/modules/Promise.jsm -> resource://gre/modules/Promise-backend.js:937:23
this.PromiseWalker.walkerLoop@resource://gre/modules/Promise.jsm -> resource://gre/modules/Promise-backend.js:816:7
this.PromiseWalker.scheduleWalkerLoop/<@resource://gre/modules/Promise.jsm -> resource://gre/modules/Promise-backend.js:750:11

*************************
*************************
A coding exception was thrown and uncaught in a Task.

Full message: TypeError: aAddon._installLocation is undefined
Full stack: shouldVerifySignedState@resource://gre/modules/addons/XPIProvider.jsm:1617:1
verifyZipSignedState@resource://gre/modules/addons/XPIProvider.jsm:1648:8
loadManifestFromZipReader<@resource://gre/modules/addons/XPIProvider.jsm:1381:29
TaskImpl_run@resource://gre/modules/Task.jsm:319:40
TaskImpl@resource://gre/modules/Task.jsm:280:3
createAsyncFunction/asyncFunction@resource://gre/modules/Task.jsm:254:14
loadManifestFromZipFile<@resource://gre/modules/addons/XPIProvider.jsm:1406:26
TaskImpl_run@resource://gre/modules/Task.jsm:319:40
TaskImpl@resource://gre/modules/Task.jsm:280:3
createAsyncFunction/asyncFunction@resource://gre/modules/Task.jsm:254:14
loadManifestFromFile@resource://gre/modules/addons/XPIProvider.jsm:1416:12
AddonInstaller.InstallerService._installExtension/<@resource://addoninstaller/installerService.js:218:41
AddonInstaller.InstallerService._shouldInstall/<@resource://addoninstaller/installerService.js:311:17
safeCall@resource://gre/modules/AddonManager.jsm:179:5
makeSafe/<@resource://gre/modules/AddonManager.jsm:195:25
Handler.prototype.process@resource://gre/modules/Promise.jsm -> resource://gre/modules/Promise-backend.js:937:23
this.PromiseWalker.walkerLoop@resource://gre/modules/Promise.jsm -> resource://gre/modules/Promise-backend.js:816:7
this.PromiseWalker.scheduleWalkerLoop/<@resource://gre/modules/Promise.jsm -> resource://gre/modules/Promise-backend.js:750:11

*************************
*************************
A coding exception was thrown and uncaught in a Task.

Full message: TypeError: aAddon._installLocation is undefined
Full stack: shouldVerifySignedState@resource://gre/modules/addons/XPIProvider.jsm:1617:1
verifyZipSignedState@resource://gre/modules/addons/XPIProvider.jsm:1648:8
loadManifestFromZipReader<@resource://gre/modules/addons/XPIProvider.jsm:1381:29
TaskImpl_run@resource://gre/modules/Task.jsm:319:40
TaskImpl@resource://gre/modules/Task.jsm:280:3
createAsyncFunction/asyncFunction@resource://gre/modules/Task.jsm:254:14
loadManifestFromZipFile<@resource://gre/modules/addons/XPIProvider.jsm:1406:26
TaskImpl_run@resource://gre/modules/Task.jsm:319:40
TaskImpl@resource://gre/modules/Task.jsm:280:3
createAsyncFunction/asyncFunction@resource://gre/modules/Task.jsm:254:14
loadManifestFromFile@resource://gre/modules/addons/XPIProvider.jsm:1416:12
AddonInstaller.InstallerService._installExtension/<@resource://addoninstaller/installerService.js:218:41
AddonInstaller.InstallerService._shouldInstall/<@resource://addoninstaller/installerService.js:311:17
safeCall@resource://gre/modules/AddonManager.jsm:179:5
makeSafe/<@resource://gre/modules/AddonManager.jsm:195:25
Handler.prototype.process@resource://gre/modules/Promise.jsm -> resource://gre/modules/Promise-backend.js:937:23
this.PromiseWalker.walkerLoop@resource://gre/modules/Promise.jsm -> resource://gre/modules/Promise-backend.js:816:7
this.PromiseWalker.scheduleWalkerLoop/<@resource://gre/modules/Promise.jsm -> resource://gre/modules/Promise-backend.js:750:11

*************************
JavaScript warning: resource://gre/modules/commonjs/toolkit/loader.js -> resource://gre/modules/commonjs/sdk/system/environment.js, line 15: Proxy.create and Proxy.createFunction are deprecated, use new Proxy instead
JavaScript warning: resource://gre/modules/commonjs/toolkit/loader.js -> resource://gre/modules/commonjs/sdk/system/environment.js, line 15: Proxy.create and Proxy.createFunction are deprecated, use new Proxy instead
JavaScript error: http://192.168.20.58:9999/mbxtwlfwpt/loginService.do?method=getFbxx, line 101: ReferenceError: event is not defined
JavaScript error: http://192.168.20.58:9999/mbxtwlfwpt/loginService.do?method=getFbxx, line 101: ReferenceError: event is not defined
JavaScript error: http://192.168.20.58:9999/mbxtwlfwpt/loginService.do?method=getFbxx, line 101: ReferenceError: event is not defined
JavaScript error: http://192.168.20.58:9999/mbxtwlfwpt/loginService.do?method=getFbxx, line 101: ReferenceError: event is not defined
JavaScript error: http://192.168.20.58:9999/mbxtwlfwpt/loginService.do?method=getFbxx, line 101: ReferenceError: event is not defined
JavaScript error: http://192.168.20.58:9999/mbxtwlfwpt/loginService.do?method=getFbxx, line 101: ReferenceError: event is not defined
JavaScript error: chrome://marionette/content/proxy.js, line 228: TypeError: l is undefined
console.error: commonfix: 
  Message: ReferenceError: reason is not defined
  Stack:
    exports.onUnload@resource://gre/modules/commonjs/toolkit/loader.js -> resource://commonfix-at-mozillaonline-dot-com/commonfix/lib/main.js:316:1
unload/<@resource://gre/modules/commonjs/toolkit/loader.js -> resource://gre/modules/commonjs/sdk/system/unload.js:58:7
unload@resource://gre/modules/commonjs/toolkit/loader.js -> resource://gre/modules/commonjs/sdk/system/unload.js:56:3
onunload@resource://gre/modules/commonjs/toolkit/loader.js -> resource://gre/modules/commonjs/sdk/system/unload.js:77:5
Observer<.observe@resource://gre/modules/commonjs/toolkit/loader.js -> resource://gre/modules/commonjs/sdk/system/events.js:81:7
unload@resource://gre/modules/commonjs/toolkit/loader.js:795:3
shutdown@resource://gre/modules/addons/XPIProvider.jsm -> jar:file:///C:/Users/fang/AppData/Local/Temp/rust_mozprofile.CeLTNFbGnFc6/extensions/commonfix@mozillaonline.com.xpi!/bootstrap.js:303:5
this.XPIProvider.callBootstrapMethod@resource://gre/modules/addons/XPIProvider.jsm:4675:9
this.XPIProvider.startup/<.observe@resource://gre/modules/addons/XPIProvider.jsm:2715:15

://commonfix-at-mozillaonline-dot-com/commonfix/lib/main.js:316:1
unload/<@resource://gre/modules/commonjs/toolkit/loader.js -> resource://gre/modules/commonjs/sdk/system/unload.js:58:7
unload@resource://gre/modules/commonjs/toolkit/loader.js -> resource://gre/modules/commonjs/sdk/system/unload.js:56:3
onunload@resource://gre/modules/commonjs/toolkit/loader.js -> resource://gre/modules/commonjs/sdk/system/unload.js:77:5
Observer<.observe@resource://gre/modules/commonjs/toolkit/loader.js -> resource://gre/modules/commonjs/sdk/system/events.js:81:7
unload@resource://gre/modules/commonjs/toolkit/loader.js:795:3
shutdown@resource://gre/modules/addons/XPIProvider.jsm -> jar:file:///C:/Users/fang/AppData/Local/Temp/rust_mozprofile.o7DYmNXUjMhj/extensions/commonfix@mozillaonline.com.xpi!/bootstrap.js:303:5
this.XPIProvider.callBootstrapMethod@resource://gre/modules/addons/XPIProvider.jsm:4675:9
this.XPIProvider.startup/<.observe@resource://gre/modules/addons/XPIProvider.jsm:2715:15

bootstrap.js:303:5
this.XPIProvider.callBootstrapMethod@resource://gre/modules/addons/XPIProvider.jsm:4675:9
this.XPIProvider.startup/<.observe@resource://gre/modules/addons/XPIProvider.jsm:2715:15

JavaScript error: resource://gre/components/nsUrlClassifierListManager.js, line 343: NS_ERROR_NOT_INITIALIZED: Component returned failure code: 0xc1f30001 (NS_ERROR_NOT_INITIALIZED) [nsIUrlClassifierDBService.getTables]
d to create directory C:\Users\fang\AppData\Local\Temp\rust_mozprofile.UlXvcEMTXESD\extensions\staged\coba@mozilla.com.cn\chrome\skin
1515736952862	addons.xpi	WARN	Failed to install C:\Program Files\Mozilla Firefox\distribution\myextensions\cpmanager@mozillaonline.com.xpi from file:///C:/Program%20Files/Mozilla%20Firefox/distribution/myextensions/cpmanager@mozillaonline.com.xpi: Error: OS.File has been shut down. Rejecting request to open (resource://gre/modules/osfile/osfile_async_front.jsm:412:8) JS Stack trace: post/<@osfile_async_front.jsm:412:8 < TaskImpl_run@Task.jsm:319:40 < TaskImpl@Task.jsm:280:3 < createAsyncFunction/asyncFunction@Task.jsm:254:14 < Handler.prototype.process@Promise-backend.js:937:23 < this.PromiseWalker.walkerLoop@Promise-backend.js:816:7 < this.PromiseWalker.scheduleWalkerLoop/<@Promise-backend.js:750:11 < Spinner.prototype.observe@AsyncShutdown.jsm:551:9
*************************
A coding exception was thrown in a Promise rejection callback.
See https://developer.mozilla.org/Mozilla/JavaScript_code_modules/Promise.jsm/Promise

Full message: TypeError: this.installs is null
Full stack: this.XPIProvider.removeActiveInstall@resource://gre/modules/addons/XPIProvider.jsm:3919:9
AddonInstall.prototype.startInstall/<@resource://gre/modules/addons/XPIProvider.jsm:6152:7
Handler.prototype.process@resource://gre/modules/Promise.jsm -> resource://gre/modules/Promise-backend.js:940:21
this.PromiseWalker.walkerLoop@resource://gre/modules/Promise.jsm -> resource://gre/modules/Promise-backend.js:816:7
this.PromiseWalker.scheduleWalkerLoop/<@resource://gre/modules/Promise.jsm -> resource://gre/modules/Promise-backend.js:750:11
Spinner.prototype.observe@resource://gre/modules/AsyncShutdown.jsm:551:9

*************************
1515736952886	addons.xpi	WARN	Failed to install C:\Program Files\Mozilla Firefox\distribution\myextensions\coba@mozilla.com.cn.xpi from file:///C:/Program%20Files/Mozilla%20Firefox/distribution/myextensions/coba@mozilla.com.cn.xpi: Error: OS.File has been shut down. Rejecting request to makeDir (resource://gre/modules/osfile/osfile_async_front.jsm:412:8) JS Stack trace: post/<@osfile_async_front.jsm:412:8 < TaskImpl_run@Task.jsm:319:40 < TaskImpl@Task.jsm:280:3 < createAsyncFunction/asyncFunction@Task.jsm:254:14 < Handler.prototype.process@Promise-backend.js:937:23 < this.PromiseWalker.walkerLoop@Promise-backend.js:816:7 < this.PromiseWalker.scheduleWalkerLoop/<@Promise-backend.js:750:11 < Spinner.prototype.observe@AsyncShutdown.jsm:551:9
*************************
A coding exception was thrown in a Promise rejection callback.
See https://developer.mozilla.org/Mozilla/JavaScript_code_modules/Promise.jsm/Promise

Full message: TypeError: this.installs is null
Full stack: this.XPIProvider.removeActiveInstall@resource://gre/modules/addons/XPIProvider.jsm:3919:9
AddonInstall.prototype.startInstall/<@resource://gre/modules/addons/XPIProvider.jsm:6152:7
Handler.prototype.process@resource://gre/modules/Promise.jsm -> resource://gre/modules/Promise-backend.js:940:21
this.PromiseWalker.walkerLoop@resource://gre/modules/Promise.jsm -> resource://gre/modules/Promise-backend.js:816:7
this.PromiseWalker.scheduleWalkerLoop/<@resource://gre/modules/Promise.jsm -> resource://gre/modules/Promise-backend.js:750:11
Spinner.prototype.observe@resource://gre/modules/AsyncShutdown.jsm:551:9

*************************
*************************
A coding exception was thrown in a Promise rejection callback.
See https://developer.mozilla.org/Mozilla/JavaScript_code_modules/Promise.jsm/Promise

Full message: ReferenceError: logger is not defined
Full stack: saveStreamAsync/readFailed/<@resource://gre/modules/ZipUtils.jsm:67:7
Handler.prototype.process@resource://gre/modules/Promise.jsm -> resource://gre/modules/Promise-backend.js:940:21
this.PromiseWalker.walkerLoop@resource://gre/modules/Promise.jsm -> resource://gre/modules/Promise-backend.js:816:7
this.PromiseWalker.scheduleWalkerLoop/<@resource://gre/modules/Promise.jsm -> resource://gre/modules/Promise-backend.js:750:11
Spinner.prototype.observe@resource://gre/modules/AsyncShutdown.jsm:551:9

*************************
